#
# There is insufficient memory for the Java Runtime Environment to continue.
# Native memory allocation (mmap) failed to map 134217728 bytes for Failed to commit area from 0x0000000080000000 to 0x0000000088000000 of length 134217728.
# Possible reasons:
#   The system is out of physical RAM or swap space
#   The process is running with CompressedOops enabled, and the Java Heap may be blocking the growth of the native heap
# Possible solutions:
#   Reduce memory load on the system
#   Increase physical memory or swap space
#   Check if swap backing store is full
#   Decrease Java heap size (-Xmx/-Xms)
#   Decrease number of Java threads
#   Decrease Java thread stack sizes (-Xss)
#   Set larger code cache with -XX:ReservedCodeCacheSize=
# This output file may be truncated or incomplete.
#
#  Out of Memory Error (./open/src/hotspot/os/windows/os_windows.cpp:3276), pid=1424, tid=10788
#
# JRE version:  (11.0.13+10) (build )
# Java VM: Java HotSpot(TM) 64-Bit Server VM (11.0.13+10-LTS-370, mixed mode, sharing, tiered, compressed oops, g1 gc, windows-amd64)
# No core dump will be written. Minidumps are not enabled by default on client versions of Windows
#

---------------  S U M M A R Y ------------

Command Line: -Xverify:none -XX:TieredStopAtLevel=1 com.ms2.datas.ResultProcessorApp

Host: Intel(R) Xeon(R) Platinum 8272CL CPU @ 2.60GHz, 2 cores, 7G,  Windows 10 , 64 bit Build 19041 (10.0.19041.1706)
Time: Sat Jun  4 06:37:32 2022 Coordinated Universal Time elapsed time: 0.022082 seconds (0d 0h 0m 0s)

---------------  T H R E A D  ---------------

Current thread (0x000001d3e1f8f800):  JavaThread "Unknown thread" [_thread_in_vm, id=10788, stack(0x00000088c9700000,0x00000088c9800000)]

Stack: [0x00000088c9700000,0x00000088c9800000]
Native frames: (J=compiled Java code, j=interpreted, Vv=VM code, C=native code)
V  [jvm.dll+0x62870a]
V  [jvm.dll+0x761f2f]
V  [jvm.dll+0x7635d9]
V  [jvm.dll+0x763c63]
V  [jvm.dll+0x23d728]
V  [jvm.dll+0x625aba]
V  [jvm.dll+0x61a855]
V  [jvm.dll+0x2f242c]
V  [jvm.dll+0x2f22b2]
V  [jvm.dll+0x2f6fd6]
V  [jvm.dll+0x3395ff]
V  [jvm.dll+0x339030]
V  [jvm.dll+0x2cfa38]
V  [jvm.dll+0x2d0ba6]
V  [jvm.dll+0x73c547]
V  [jvm.dll+0x73dddf]
V  [jvm.dll+0x346369]
V  [jvm.dll+0x721e60]
V  [jvm.dll+0x3b500f]
V  [jvm.dll+0x3b7121]
C  [jli.dll+0x5207]
C  [ucrtbase.dll+0x21bb2]
C  [KERNEL32.DLL+0x17034]
C  [ntdll.dll+0x52651]


---------------  P R O C E S S  ---------------

Threads class SMR info:
_java_thread_list=0x000001d3dfd876d0, length=0, elements={
}

Java Threads: ( => current thread )

Other Threads:
  0x000001d3e1fa4800 GCTaskThread "GC Thread#0" [stack: 0x00000088c9900000,0x00000088c9a00000] [id=10804]
  0x000001d3e1fd4000 ConcurrentGCThread "G1 Main Marker" [stack: 0x00000088c9a00000,0x00000088c9b00000] [id=3996]
  0x000001d3e1fd6000 ConcurrentGCThread "G1 Conc#0" [stack: 0x00000088c9b00000,0x00000088c9c00000] [id=10792]

[error occurred during error reporting (printing all threads), id 0xc0000005, EXCEPTION_ACCESS_VIOLATION (0xc0000005) at pc=0x00007ff9b183ecc7]

VM state:not at safepoint (not fully initialized)

VM Mutex/Monitor currently owned by a thread:  ([mutex/lock_event])
[0x000001d3e1f8ba80] Heap_lock - owner thread: 0x000001d3e1f8f800

Heap address: 0x0000000080000000, size: 2048 MB, Compressed Oops mode: Non-zero based: 0x0000000080000000
Narrow klass base: 0x0000000000000000, Narrow klass shift: 0

GC Heap History (0 events):
No events

Deoptimization events (0 events):
No events

Classes redefined (0 events):
No events

Internal exceptions (0 events):
No events

Events (0 events):
No events


Dynamic libraries:
0x00007ff7c85c0000 - 0x00007ff7c85cf000 	C:\Program Files\Java\jdk-11.0.13\bin\java.exe
0x00007ffa08690000 - 0x00007ffa08885000 	C:\Windows\SYSTEM32\ntdll.dll
0x00007ffa06750000 - 0x00007ffa0680d000 	C:\Windows\System32\KERNEL32.DLL
0x00007ffa063e0000 - 0x00007ffa066ad000 	C:\Windows\System32\KERNELBASE.dll
0x00007ffa05e70000 - 0x00007ffa05f70000 	C:\Windows\System32\ucrtbase.dll
0x00007ff9e26b0000 - 0x00007ff9e26c8000 	C:\Program Files\Java\jdk-11.0.13\bin\jli.dll
0x00007ffa07010000 - 0x00007ffa070be000 	C:\Windows\System32\ADVAPI32.dll
0x00007ffa07dc0000 - 0x00007ffa07e5e000 	C:\Windows\System32\msvcrt.dll
0x00007ffa08120000 - 0x00007ffa081bc000 	C:\Windows\System32\sechost.dll
0x00007ffa081c0000 - 0x00007ffa082e5000 	C:\Windows\System32\RPCRT4.dll
0x00007ffa07f80000 - 0x00007ffa08120000 	C:\Windows\System32\USER32.dll
0x00007ffa066b0000 - 0x00007ffa066d2000 	C:\Windows\System32\win32u.dll
0x00007ffa06ef0000 - 0x00007ffa06f1a000 	C:\Windows\System32\GDI32.dll
0x00007ffa06100000 - 0x00007ffa0620b000 	C:\Windows\System32\gdi32full.dll
0x00007ffa05dd0000 - 0x00007ffa05e6d000 	C:\Windows\System32\msvcp_win.dll
0x00007ff9e31d0000 - 0x00007ff9e31e5000 	C:\Program Files\Java\jdk-11.0.13\bin\VCRUNTIME140.dll
0x00007ff9e8c00000 - 0x00007ff9e8e9a000 	C:\Windows\WinSxS\amd64_microsoft.windows.common-controls_6595b64144ccf1df_6.0.19041.1110_none_60b5254171f9507e\COMCTL32.dll
0x00007ff9fe280000 - 0x00007ff9fe28a000 	C:\Windows\SYSTEM32\VERSION.dll
0x00007ffa07230000 - 0x00007ffa07260000 	C:\Windows\System32\IMM32.DLL
0x00007ff9e2510000 - 0x00007ff9e25ab000 	C:\Program Files\Java\jdk-11.0.13\bin\msvcp140.dll
0x00007ff9b1560000 - 0x00007ff9b2073000 	C:\Program Files\Java\jdk-11.0.13\bin\server\jvm.dll
0x00007ffa066e0000 - 0x00007ffa066e8000 	C:\Windows\System32\PSAPI.DLL
0x00007ff9d3640000 - 0x00007ff9d3649000 	C:\Windows\SYSTEM32\WSOCK32.dll
0x00007ffa06f20000 - 0x00007ffa06f8b000 	C:\Windows\System32\WS2_32.dll
0x00007ff9e7100000 - 0x00007ff9e7127000 	C:\Windows\SYSTEM32\WINMM.dll
0x00007ffa03c80000 - 0x00007ffa03c92000 	C:\Windows\SYSTEM32\kernel.appcore.dll
0x00007ff9fe7d0000 - 0x00007ff9fe7e0000 	C:\Program Files\Java\jdk-11.0.13\bin\verify.dll
0x00007ff9f7400000 - 0x00007ff9f75e4000 	C:\Windows\SYSTEM32\DBGHELP.DLL
0x00007ff9f73a0000 - 0x00007ff9f73cc000 	C:\Windows\SYSTEM32\dbgcore.DLL
0x00007ffa05f70000 - 0x00007ffa05ff2000 	C:\Windows\System32\bcryptPrimitives.dll
0x00007ff9e2680000 - 0x00007ff9e26a8000 	C:\Program Files\Java\jdk-11.0.13\bin\java.dll
0x00007ff9f5da0000 - 0x00007ff9f5daa000 	C:\Program Files\Java\jdk-11.0.13\bin\jimage.dll
0x00007ff9e24f0000 - 0x00007ff9e2506000 	C:\Program Files\Java\jdk-11.0.13\bin\zip.dll

dbghelp: loaded successfully - version: 4.0.5 - missing functions: none
symbol engine: initialized successfully - sym options: 0x614 - pdb path: .;C:\Program Files\Java\jdk-11.0.13\bin;C:\Windows\SYSTEM32;C:\Windows\WinSxS\amd64_microsoft.windows.common-controls_6595b64144ccf1df_6.0.19041.1110_none_60b5254171f9507e;C:\Program Files\Java\jdk-11.0.13\bin\server

VM Arguments:
jvm_args: -Xverify:none -XX:TieredStopAtLevel=1 
java_command: com.ms2.datas.ResultProcessorApp
java_class_path (initial): C:\cygwin64\home\sfjbs\microservice\examResultSearchApps\resultsprocessor\target\classes;C:\Users\sfjbs\.m2\repository\org\springframework\boot\spring-boot\2.7.0\spring-boot-2.7.0.jar;C:\Users\sfjbs\.m2\repository\org\springframework\boot\spring-boot-autoconfigure\2.7.0\spring-boot-autoconfigure-2.7.0.jar;C:\Users\sfjbs\.m2\repository\ch\qos\logback\logback-classic\1.2.11\logback-classic-1.2.11.jar;C:\Users\sfjbs\.m2\repository\ch\qos\logback\logback-core\1.2.11\logback-core-1.2.11.jar;C:\Users\sfjbs\.m2\repository\org\apache\logging\log4j\log4j-to-slf4j\2.17.2\log4j-to-slf4j-2.17.2.jar;C:\Users\sfjbs\.m2\repository\org\apache\logging\log4j\log4j-api\2.17.2\log4j-api-2.17.2.jar;C:\Users\sfjbs\.m2\repository\org\slf4j\jul-to-slf4j\1.7.36\jul-to-slf4j-1.7.36.jar;C:\Users\sfjbs\.m2\repository\jakarta\annotation\jakarta.annotation-api\1.3.5\jakarta.annotation-api-1.3.5.jar;C:\Users\sfjbs\.m2\repository\org\yaml\snakeyaml\1.30\snakeyaml-1.30.jar;C:\Users\sfjbs\.m2\repository\org\springframework\spring-messaging\5.3.20\spring-messaging-5.3.20.jar;C:\Users\sfjbs\.m2\repository\org\springframework\spring-beans\5.3.20\spring-beans-5.3.20.jar;C:\Users\sfjbs\.m2\repository\org\springframework\amqp\spring-rabbit\2.4.5\spring-rabbit-2.4.5.jar;C:\Users\sfjbs\.m2\repository\org\springframework\amqp\spring-amqp\2.4.5\spring-amqp-2.4.5.jar;C:\Users\sfjbs\.m2\repository\org\springframework\retry\spring-retry\1.3.3\spring-retry-1.3.3.jar;C:\Users\sfjbs\.m2\repository\com\rabbitmq\amqp-client\5.14.2\amqp-client-5.14.2.jar;C:\Users\sfjbs\.m2\repository\org\springframework\spring-context\5.3.20\spring-context-5.3.20.jar;C:\Users\sfjbs\.m2\repository\org\springframework\spring-tx\5.3.20\spring-tx-5.3.20.jar;C:\Users\sfjbs\.m2\repository\org\aspectj\aspectjweaver\1.9.7\aspectjweaver-1.9.7.jar;C:\Users\sfjbs\.m2\repository\com\zaxxer\HikariCP\4.0.3\HikariCP-4.0.3.jar;C:\Users\sfjbs\.m2\repository\org\springframework\spring-jdbc\5.3.20\spring-jdbc-5.3.20.jar;C:\U
Launcher Type: SUN_STANDARD

[Global flags]
     bool BytecodeVerificationLocal                = false                                     {product} {command line}
     bool BytecodeVerificationRemote               = false                                     {product} {command line}
     intx CICompilerCount                          = 2                                         {product} {ergonomic}
     uint ConcGCThreads                            = 1                                         {product} {ergonomic}
     uint G1ConcRefinementThreads                  = 2                                         {product} {ergonomic}
   size_t G1HeapRegionSize                         = 1048576                                   {product} {ergonomic}
    uintx GCDrainStackTargetSize                   = 64                                        {product} {ergonomic}
   size_t InitialHeapSize                          = 134217728                                 {product} {ergonomic}
   size_t MarkStackSize                            = 4194304                                   {product} {ergonomic}
   size_t MaxHeapSize                              = 2147483648                                {product} {ergonomic}
   size_t MinHeapDeltaBytes                        = 1048576                                   {product} {ergonomic}
    uintx NonNMethodCodeHeapSize                   = 6396312                                {pd product} {ergonomic}
    uintx NonProfiledCodeHeapSize                  = 245261928                              {pd product} {ergonomic}
    uintx ProfiledCodeHeapSize                     = 0                                      {pd product} {ergonomic}
    uintx ReservedCodeCacheSize                    = 251658240                              {pd product} {ergonomic}
     bool SegmentedCodeCache                       = true                                      {product} {ergonomic}
     intx TieredStopAtLevel                        = 1                                         {product} {command line}
     bool UseCompressedClassPointers               = true                                 {lp64_product} {ergonomic}
     bool UseCompressedOops                        = true                                 {lp64_product} {ergonomic}
     bool UseG1GC                                  = true                                      {product} {ergonomic}
     bool UseLargePagesIndividualAllocation        = false                                  {pd product} {ergonomic}

Logging:
Log output configuration:
 #0: stdout all=warning uptime,level,tags
 #1: stderr all=off uptime,level,tags

Environment Variables:
PATH=C:\Program Files\Common Files\Oracle\Java\javapath;C:\Windows\system32;C:\Windows;C:\Windows\System32\Wbem;C:\Windows\System32\WindowsPowerShell\v1.0\;C:\Windows\System32\OpenSSH\;C:\Users\sfjbs\Downloads\javamicro-20220514T090504Z-001\javamicro\apache-maven-3.8.5-bin\apache-maven-3.8.5\bin;C:\Users\sfjbs\Downloads\javamicro-20220514T090504Z-001\javamicro\apache-maven-3.8.5-bin\apache-maven-3.8.5\lib;C:\Program Files\Docker\Docker\resources\bin;C:\ProgramData\DockerDesktop\version-bin;C:\Program Files\Git\cmd;C:\Users\sfjbs\AppData\Local\Microsoft\WindowsApps;C:\Users\sfjbs\Downloads\javamicro-20220514T090504Z-001\javamicro\apache-maven-3.8.5-bin\apache-maven-3.8.5\bin;C:\Users\sfjbs\Downloads\javamicro-20220514T090504Z-001\javamicro\apache-maven-3.8.5-bin\apache-maven-3.8.5\lib;;C:\Program Files\JetBrains\IntelliJ IDEA Community Edition 2022.1.1\bin;
USERNAME=sfjbs
OS=Windows_NT
PROCESSOR_IDENTIFIER=Intel64 Family 6 Model 85 Stepping 7, GenuineIntel



---------------  S Y S T E M  ---------------

OS: Windows 10 , 64 bit Build 19041 (10.0.19041.1706)
Hyper-V role detected

CPU:total 2 (initial active 2) (1 cores per cpu, 2 threads per core) family 6 model 85 stepping 7 microcode 0xffffffff, cmov, cx8, fxsr, mmx, sse, sse2, sse3, ssse3, sse4.1, sse4.2, popcnt, avx, avx2, aes, clmul, erms, rtm, 3dnowpref, lzcnt, ht, tsc, bmi1, bmi2, adx, evex, fma

Memory: 4k page, system-wide physical 8190M (1113M free)
TotalPageFile size 10238M (AvailPageFile size 82M)
current process WorkingSet (physical memory assigned to process): 9M, peak: 9M
current process commit charge ("private bytes"): 45M, peak: 173M

vm_info: Java HotSpot(TM) 64-Bit Server VM (11.0.13+10-LTS-370) for windows-amd64 JRE (11.0.13+10-LTS-370), built on Sep 15 2021 22:10:36 by "mach5one" with MS VC++ 15.9 (VS2017)

END.
